<?xml version="1.0" encoding="UTF-8"?>
<!-- Generated by org.testng.reporters.JUnitXMLReporter -->
<testsuite ignored="0" hostname="SwarajPatil" failures="1" tests="9" name="Test" time="47.613" errors="0" timestamp="2025-07-13T11:21:57 IST">
  <testcase classname="com.test.TC_Login_001" name="login" time="0.214"/>
  <testcase classname="com.test.TC_Login_001" name="login" time="0.269"/>
  <testcase classname="com.test.TC_Login_001" name="login" time="0.161"/>
  <testcase classname="com.test.TC_Login_001" name="login" time="1.401"/>
  <testcase classname="com.test.TC_Login_001" name="login" time="0.139"/>
  <testcase classname="com.test.TC_Login_001" name="login" time="0.92"/>
  <testcase classname="com.test.TC_Login_001" name="login" time="0.584"/>
  <testcase classname="com.test.TC_Login_001" name="login" time="1.012"/>
  <testcase classname="com.test.Title_Validation" name="add" time="0.768">
    <failure type="java.lang.AssertionError" message="expected [ram] but found [JavaByKiran | Dashboard]">
      <![CDATA[java.lang.AssertionError: expected [ram] but found [JavaByKiran | Dashboard]
at com.test.Title_Validation.add(Title_Validation.java:14)
at java.base/java.util.ArrayList.forEach(ArrayList.java:1511)
... Removed 33 stack frames]]>
    </failure>
  </testcase> <!-- add -->
</testsuite> <!-- Test -->
